Traceback (most recent call last):
  File "/Users/sahil/ai-trader-arena/monitor_bot.py", line 4, in <module>
    import requests
ModuleNotFoundError: No module named 'requests'
Traceback (most recent call last):
  File "/Users/sahil/ai-trader-arena/monitor_bot.py", line 4, in <module>
    import requests
ModuleNotFoundError: No module named 'requests'
Traceback (most recent call last):
  File "/Users/sahil/ai-trader-arena/monitor_bot.py", line 4, in <module>
    import requests
ModuleNotFoundError: No module named 'requests'
Traceback (most recent call last):
  File "/Users/sahil/ai-trader-arena/monitor_bot.py", line 4, in <module>
    import requests
ModuleNotFoundError: No module named 'requests'
Traceback (most recent call last):
  File "/Users/sahil/ai-trader-arena/monitor_bot.py", line 4, in <module>
    import requests
ModuleNotFoundError: No module named 'requests'
Traceback (most recent call last):
  File "/Users/sahil/ai-trader-arena/monitor_bot.py", line 4, in <module>
    import requests
ModuleNotFoundError: No module named 'requests'
Traceback (most recent call last):
  File "/Users/sahil/ai-trader-arena/monitor_bot.py", line 4, in <module>
    import requests
ModuleNotFoundError: No module named 'requests'
Traceback (most recent call last):
  File "/Users/sahil/ai-trader-arena/monitor_bot.py", line 4, in <module>
    import requests
ModuleNotFoundError: No module named 'requests'
Traceback (most recent call last):
  File "/Users/sahil/ai-trader-arena/monitor_bot.py", line 4, in <module>
    import requests
ModuleNotFoundError: No module named 'requests'
Traceback (most recent call last):
  File "/Users/sahil/ai-trader-arena/monitor_bot.py", line 4, in <module>
    import requests
ModuleNotFoundError: No module named 'requests'
Traceback (most recent call last):
  File "/Users/sahil/ai-trader-arena/monitor_bot.py", line 4, in <module>
    import requests
ModuleNotFoundError: No module named 'requests'
Traceback (most recent call last):
  File "/Users/sahil/ai-trader-arena/monitor_bot.py", line 4, in <module>
    import requests
ModuleNotFoundError: No module named 'requests'
Traceback (most recent call last):
  File "/Users/sahil/ai-trader-arena/monitor_bot.py", line 4, in <module>
    import requests
ModuleNotFoundError: No module named 'requests'
Traceback (most recent call last):
  File "/Users/sahil/ai-trader-arena/monitor_bot.py", line 4, in <module>
    import requests
ModuleNotFoundError: No module named 'requests'
Traceback (most recent call last):
  File "/Users/sahil/ai-trader-arena/monitor_bot.py", line 4, in <module>
    import requests
ModuleNotFoundError: No module named 'requests'
Traceback (most recent call last):
  File "/Users/sahil/ai-trader-arena/monitor_bot.py", line 4, in <module>
    import requests
ModuleNotFoundError: No module named 'requests'
Traceback (most recent call last):
  File "/Users/sahil/ai-trader-arena/monitor_bot.py", line 4, in <module>
    import requests
ModuleNotFoundError: No module named 'requests'
Traceback (most recent call last):
  File "/Users/sahil/ai-trader-arena/monitor_bot.py", line 4, in <module>
    import requests
ModuleNotFoundError: No module named 'requests'
Traceback (most recent call last):
  File "/Users/sahil/ai-trader-arena/monitor_bot.py", line 4, in <module>
    import requests
ModuleNotFoundError: No module named 'requests'
Traceback (most recent call last):
  File "/Users/sahil/ai-trader-arena/monitor_bot.py", line 4, in <module>
    import requests
ModuleNotFoundError: No module named 'requests'
Traceback (most recent call last):
  File "/Users/sahil/ai-trader-arena/monitor_bot.py", line 4, in <module>
    import requests
ModuleNotFoundError: No module named 'requests'
Traceback (most recent call last):
  File "/Users/sahil/ai-trader-arena/monitor_bot.py", line 4, in <module>
    import requests
ModuleNotFoundError: No module named 'requests'
Traceback (most recent call last):
  File "/Users/sahil/ai-trader-arena/monitor_bot.py", line 4, in <module>
    import requests
ModuleNotFoundError: No module named 'requests'
Traceback (most recent call last):
  File "/Users/sahil/ai-trader-arena/monitor_bot.py", line 4, in <module>
    import requests
ModuleNotFoundError: No module named 'requests'
Traceback (most recent call last):
  File "/Users/sahil/ai-trader-arena/monitor_bot.py", line 4, in <module>
    import requests
ModuleNotFoundError: No module named 'requests'
Traceback (most recent call last):
  File "/Users/sahil/ai-trader-arena/monitor_bot.py", line 4, in <module>
    import requests
ModuleNotFoundError: No module named 'requests'
Traceback (most recent call last):
  File "/Users/sahil/ai-trader-arena/monitor_bot.py", line 4, in <module>
    import requests
ModuleNotFoundError: No module named 'requests'
Traceback (most recent call last):
  File "/Users/sahil/ai-trader-arena/monitor_bot.py", line 4, in <module>
    import requests
ModuleNotFoundError: No module named 'requests'
Traceback (most recent call last):
  File "/Users/sahil/ai-trader-arena/monitor_bot.py", line 4, in <module>
    import requests
ModuleNotFoundError: No module named 'requests'
Traceback (most recent call last):
  File "/Users/sahil/ai-trader-arena/monitor_bot.py", line 4, in <module>
    import requests
ModuleNotFoundError: No module named 'requests'
Traceback (most recent call last):
  File "/Users/sahil/ai-trader-arena/monitor_bot.py", line 4, in <module>
    import requests
ModuleNotFoundError: No module named 'requests'
Traceback (most recent call last):
  File "/Users/sahil/ai-trader-arena/monitor_bot.py", line 4, in <module>
    import requests
ModuleNotFoundError: No module named 'requests'
Traceback (most recent call last):
  File "/Users/sahil/ai-trader-arena/monitor_bot.py", line 4, in <module>
    import requests
ModuleNotFoundError: No module named 'requests'
Traceback (most recent call last):
  File "/Users/sahil/ai-trader-arena/monitor_bot.py", line 4, in <module>
    import requests
ModuleNotFoundError: No module named 'requests'
Traceback (most recent call last):
  File "/Users/sahil/ai-trader-arena/monitor_bot.py", line 4, in <module>
    import requests
ModuleNotFoundError: No module named 'requests'
Traceback (most recent call last):
  File "/Users/sahil/ai-trader-arena/monitor_bot.py", line 4, in <module>
    import requests
ModuleNotFoundError: No module named 'requests'
Traceback (most recent call last):
  File "/Users/sahil/ai-trader-arena/monitor_bot.py", line 4, in <module>
    import requests
ModuleNotFoundError: No module named 'requests'
Traceback (most recent call last):
  File "/Users/sahil/ai-trader-arena/monitor_bot.py", line 4, in <module>
    import requests
ModuleNotFoundError: No module named 'requests'
Traceback (most recent call last):
  File "/Users/sahil/ai-trader-arena/monitor_bot.py", line 4, in <module>
    import requests
ModuleNotFoundError: No module named 'requests'
Traceback (most recent call last):
  File "/Users/sahil/ai-trader-arena/monitor_bot.py", line 4, in <module>
    import requests
ModuleNotFoundError: No module named 'requests'
Traceback (most recent call last):
  File "/Users/sahil/ai-trader-arena/monitor_bot.py", line 4, in <module>
    import requests
ModuleNotFoundError: No module named 'requests'
Traceback (most recent call last):
  File "/Users/sahil/ai-trader-arena/monitor_bot.py", line 4, in <module>
    import requests
ModuleNotFoundError: No module named 'requests'
Traceback (most recent call last):
  File "/Users/sahil/ai-trader-arena/monitor_bot.py", line 4, in <module>
    import requests
ModuleNotFoundError: No module named 'requests'
Traceback (most recent call last):
  File "/Users/sahil/ai-trader-arena/monitor_bot.py", line 4, in <module>
    import requests
ModuleNotFoundError: No module named 'requests'
Traceback (most recent call last):
  File "/Users/sahil/ai-trader-arena/monitor_bot.py", line 4, in <module>
    import requests
ModuleNotFoundError: No module named 'requests'
Traceback (most recent call last):
  File "/Users/sahil/ai-trader-arena/monitor_bot.py", line 4, in <module>
    import requests
ModuleNotFoundError: No module named 'requests'
Traceback (most recent call last):
  File "/Users/sahil/ai-trader-arena/monitor_bot.py", line 4, in <module>
    import requests
ModuleNotFoundError: No module named 'requests'
Traceback (most recent call last):
  File "/Users/sahil/ai-trader-arena/monitor_bot.py", line 4, in <module>
    import requests
ModuleNotFoundError: No module named 'requests'
Traceback (most recent call last):
  File "/Users/sahil/ai-trader-arena/monitor_bot.py", line 4, in <module>
    import requests
ModuleNotFoundError: No module named 'requests'
Traceback (most recent call last):
  File "/Users/sahil/ai-trader-arena/monitor_bot.py", line 4, in <module>
    import requests
ModuleNotFoundError: No module named 'requests'
Traceback (most recent call last):
  File "/Users/sahil/ai-trader-arena/monitor_bot.py", line 4, in <module>
    import requests
ModuleNotFoundError: No module named 'requests'
Traceback (most recent call last):
  File "/Users/sahil/ai-trader-arena/monitor_bot.py", line 4, in <module>
    import requests
ModuleNotFoundError: No module named 'requests'
Traceback (most recent call last):
  File "/Users/sahil/ai-trader-arena/monitor_bot.py", line 4, in <module>
    import requests
ModuleNotFoundError: No module named 'requests'
Traceback (most recent call last):
  File "/Users/sahil/ai-trader-arena/monitor_bot.py", line 4, in <module>
    import requests
ModuleNotFoundError: No module named 'requests'
Traceback (most recent call last):
  File "/Users/sahil/ai-trader-arena/monitor_bot.py", line 2, in <module>
    import os, subprocess, requests, time
ModuleNotFoundError: No module named 'requests'
Traceback (most recent call last):
  File "/Users/sahil/ai-trader-arena/monitor_bot.py", line 2, in <module>
    import os, subprocess, requests
ModuleNotFoundError: No module named 'requests'
Traceback (most recent call last):
  File "/Users/sahil/ai-trader-arena/monitor_bot.py", line 2, in <module>
    import os, subprocess, requests
ModuleNotFoundError: No module named 'requests'
Traceback (most recent call last):
  File "/Users/sahil/ai-trader-arena/monitor_bot.py", line 2, in <module>
    import os, subprocess, requests
ModuleNotFoundError: No module named 'requests'
Traceback (most recent call last):
  File "/Users/sahil/ai-trader-arena/monitor_bot.py", line 2, in <module>
    import os, subprocess, requests
ModuleNotFoundError: No module named 'requests'
